Android/ShoppieVer2/proguard/seeds.txt
vn.com.shoppie.ActivityLogo
vn.com.shoppie.ActivityLogo$4: void onClick(android.view.View)
vn.com.shoppie.GCMIntentService
vn.com.shoppie.GCMIntentService: GCMIntentService()
vn.com.shoppie.activity.ActivityChangeUserInfo
vn.com.shoppie.activity.ActivityChangeUserInfo: ActivityChangeUserInfo()
vn.com.shoppie.activity.ActivityChangeUserInfo: void onClickBackBtn(android.view.View)
vn.com.shoppie.activity.ActivityChangeUserInfo$4: void onClick(android.view.View)
vn.com.shoppie.activity.ActivityFavouriteBrandShow
vn.com.shoppie.activity.ActivityFavouriteBrandShow: ActivityFavouriteBrandShow()
vn.com.shoppie.activity.ActivityFavouriteProductShow
vn.com.shoppie.activity.ActivityFavouriteProductShow: ActivityFavouriteProductShow()
vn.com.shoppie.activity.ActivityFavouriteProductShow$2: void onClick(android.view.View)
vn.com.shoppie.activity.ActivityFavouriteProductShow$3: void onClick(android.view.View)
vn.com.shoppie.activity.ActivityFavouriteProductShow$4: void onClick(android.view.View)
vn.com.shoppie.activity.ActivityFavouriteProductShow$5: void onClick(android.view.View)
vn.com.shoppie.activity.ActivityFavouriteProductShow$6: void onClick(android.view.View)
vn.com.shoppie.activity.ActivityFavouriteProductShow$7: void onClick(android.view.View)
vn.com.shoppie.activity.ActivityFeedBack
vn.com.shoppie.activity.ActivityGiftTransaction
vn.com.shoppie.activity.ActivityGiftTransaction: ActivityGiftTransaction()
vn.com.shoppie.activity.ActivityGiftTransaction: void onClickBack(android.view.View)
vn.com.shoppie.activity.ActivityGiftTransaction$1: void onClick(android.view.View)
vn.com.shoppie.activity.ActivityNotification
vn.com.shoppie.activity.ActivityNotification: void onClick(android.view.View)
vn.com.shoppie.activity.ActivitySendMessage
vn.com.shoppie.activity.ActivitySendMessage: void btnClicked(android.view.View)
vn.com.shoppie.activity.ActivitySendMessage$1: void onClick(android.view.View)
vn.com.shoppie.activity.ActivitySendMessage$2: void onClick(android.content.DialogInterface,int)
vn.com.shoppie.activity.ActivityShoppie
vn.com.shoppie.activity.ActivityShoppie: ActivityShoppie()
vn.com.shoppie.activity.ActivityWebview
vn.com.shoppie.activity.ActivityWebview: ActivityWebview()
vn.com.shoppie.activity.ActivityWelcome
vn.com.shoppie.activity.ActivityWelcome: ActivityWelcome()
vn.com.shoppie.activity.CatelogyDetailActivity
vn.com.shoppie.activity.CatelogyDetailActivity: CatelogyDetailActivity()
vn.com.shoppie.activity.CatelogyDetailActivity: void onClickSearchActivity(android.view.View)
vn.com.shoppie.activity.CatelogyDetailActivity: void onClickShowFavouritePersonal(android.view.View)
vn.com.shoppie.activity.CatelogyDetailActivity$2: void onClick(android.view.View)
vn.com.shoppie.activity.CollectionList
vn.com.shoppie.activity.CollectionList: CollectionList()
vn.com.shoppie.activity.CollectionList: void onCLickBackBtn(android.view.View)
vn.com.shoppie.activity.GiftDetailActivity
vn.com.shoppie.activity.GiftDetailActivity: GiftDetailActivity()
vn.com.shoppie.activity.GiftDetailActivity: void onClickBack(android.view.View)
vn.com.shoppie.activity.GiftDetailActivity$1: void onClick(android.view.View)
vn.com.shoppie.activity.GiftDetailActivity$4: void onClick(android.content.DialogInterface,int)
vn.com.shoppie.activity.HomeActivity
vn.com.shoppie.activity.HomeActivity: HomeActivity()
vn.com.shoppie.activity.HomeActivity: void onClick(android.view.View)
vn.com.shoppie.activity.HomeActivity$3: void onClick(android.view.View)
vn.com.shoppie.activity.HomeActivity$5: void onClick(android.content.DialogInterface,int)
vn.com.shoppie.activity.HomeActivity$7: void onClick(int)
vn.com.shoppie.activity.LoginActivity
vn.com.shoppie.activity.LoginActivity: LoginActivity()
vn.com.shoppie.activity.LoginActivity: void onClickRegister(android.view.View)
vn.com.shoppie.activity.LoginActivity$5: void onClick(android.view.View)
...
android.support.v4.app.BackStackState
android.support.v4.app.BackStackState: android.os.Parcelable$Creator CREATOR
android.support.v4.app.Fragment: Fragment()
android.support.v4.app.Fragment$SavedState
android.support.v4.app.Fragment$SavedState: android.os.Parcelable$Creator CREATOR
android.support.v4.app.FragmentActivity
android.support.v4.app.FragmentActivity: FragmentActivity()
android.support.v4.app.FragmentManagerState
android.support.v4.app.FragmentManagerState: android.os.Parcelable$Creator CREATOR
android.support.v4.app.FragmentState
android.support.v4.app.FragmentState: android.os.Parcelable$Creator CREATOR
android.support.v4.app.FragmentTabHost
android.support.v4.app.FragmentTabHost: FragmentTabHost(android.content.Context,android.util.AttributeSet)
android.support.v4.app.FragmentTabHost$SavedState
android.support.v4.app.FragmentTabHost$SavedState: android.os.Parcelable$Creator CREATOR
android.support.v4.content.FileProvider
android.support.v4.content.ModernAsyncTask$Status: android.support.v4.content.ModernAsyncTask$Status[] values()
android.support.v4.content.ModernAsyncTask$Status: android.support.v4.content.ModernAsyncTask$Status valueOf(java.lang.String)
android.support.v4.content.WakefulBroadcastReceiver
android.support.v4.view.PagerTabStrip
android.support.v4.view.PagerTabStrip: PagerTabStrip(android.content.Context,android.util.AttributeSet)
android.support.v4.view.PagerTabStrip$1: void onClick(android.view.View)
android.support.v4.view.PagerTabStrip$2: void onClick(android.view.View)
android.support.v4.view.PagerTitleStrip
android.support.v4.view.PagerTitleStrip: PagerTitleStrip(android.content.Context,android.util.AttributeSet)
android.support.v4.view.ViewPager
android.support.v4.view.ViewPager: ViewPager(android.content.Context)
android.support.v4.view.ViewPager: ViewPager(android.content.Context,android.util.AttributeSet)
android.support.v4.view.ViewPager$LayoutParams
android.support.v4.view.ViewPager$LayoutParams: ViewPager$LayoutParams(android.content.Context,android.util.AttributeSet)
android.support.v4.view.ViewPager$SavedState
android.support.v4.view.ViewPager$SavedState: android.os.Parcelable$Creator CREATOR
android.support.v4.widget.DrawerLayout
android.support.v4.widget.DrawerLayout: DrawerLayout(android.content.Context,android.util.AttributeSet)
android.support.v4.widget.DrawerLayout: DrawerLayout(android.content.Context,android.util.AttributeSet,int)
android.support.v4.widget.DrawerLayout$LayoutParams
android.support.v4.widget.DrawerLayout$LayoutParams: DrawerLayout$LayoutParams(android.content.Context,android.util.AttributeSet)
android.support.v4.widget.DrawerLayout$SavedState
android.support.v4.widget.DrawerLayout$SavedState: android.os.Parcelable$Creator CREATOR
android.support.v4.widget.SlidingPaneLayout
android.support.v4.widget.SlidingPaneLayout: SlidingPaneLayout(android.content.Context,android.util.AttributeSet)
android.support.v4.widget.SlidingPaneLayout: SlidingPaneLayout(android.content.Context,android.util.AttributeSet,int)
android.support.v4.widget.SlidingPaneLayout$LayoutParams
android.support.v4.widget.SlidingPaneLayout$LayoutParams: SlidingPaneLayout$LayoutParams(android.content.Context,android.util.AttributeSet)
android.support.v4.widget.SlidingPaneLayout$SavedState
android.support.v4.widget.SlidingPaneLayout$SavedState: android.os.Parcelable$Creator CREATOR
com.antonyt.infiniteviewpager.InfiniteViewPager
com.antonyt.infiniteviewpager.InfiniteViewPager: InfiniteViewPager(android.content.Context)
com.antonyt.infiniteviewpager.InfiniteViewPager: InfiniteViewPager(android.content.Context,android.util.AttributeSet)
com.facebook.AccessToken: java.lang.Object writeReplace()
com.facebook.AccessToken: void readObject(java.io.ObjectInputStream)
com.facebook.AccessToken$SerializationProxyV1: java.lang.Object readResolve()