Android/ShoppieVer2/proguard/usage.txt
vn.com.shoppie.ActivityLogo:
    android.widget.TextView tvLaunch
    android.view.animation.Animation animLogo
    android.view.animation.Animation animGrowCenter
    android.graphics.drawable.AnimationDrawable frameAnimation
    private android.widget.ImageView mTapScreenTextAnimImgView
    vn.com.shoppie.util.SceneAnimation animShoppie
    75:103:public void testNotification(java.lang.String)
    107:229:public void showAnim()
    45:45:static synthetic android.widget.ImageView access$0(vn.com.shoppie.ActivityLogo)
vn.com.shoppie.ActivityLogo$1
vn.com.shoppie.ActivityLogo$2
vn.com.shoppie.ActivityLogo$3
vn.com.shoppie.ActivityLogo$4
vn.com.shoppie.ActivityLogo$5
vn.com.shoppie.BuildConfig
vn.com.shoppie.GCMIntentService:
    private static final java.lang.String TAG
vn.com.shoppie.Manifest
vn.com.shoppie.Manifest$permission
vn.com.shoppie.R:
    10:10:public R()
vn.com.shoppie.R$anim
vn.com.shoppie.R$array
vn.com.shoppie.R$attr
vn.com.shoppie.R$bool
vn.com.shoppie.R$color
vn.com.shoppie.R$dimen
vn.com.shoppie.R$drawable
vn.com.shoppie.R$id
vn.com.shoppie.R$integer
vn.com.shoppie.R$layout
vn.com.shoppie.R$menu
vn.com.shoppie.R$raw
vn.com.shoppie.R$string
vn.com.shoppie.R$style
vn.com.shoppie.R$styleable:
    public static final int CirclePageIndicator_android_background
    public static final int CirclePageIndicator_android_orientation
    public static final int CirclePageIndicator_centered
    public static final int CirclePageIndicator_fillColor
    public static final int CirclePageIndicator_pageColor
    public static final int CirclePageIndicator_radius
    public static final int CirclePageIndicator_snap
    public static final int CirclePageIndicator_strokeColor
    public static final int CirclePageIndicator_strokeWidth
    public static final int Gallery1_android_galleryItemBackground
    public static final int LinePageIndicator_android_background
    public static final int LinePageIndicator_centered
    public static final int LinePageIndicator_gapWidth
    public static final int LinePageIndicator_lineWidth
    public static final int LinePageIndicator_selectedColor
    public static final int LinePageIndicator_strokeWidth
    public static final int LinePageIndicator_unselectedColor
    public static final int MapAttrs_cameraBearing
    public static final int MapAttrs_cameraTargetLat
    public static final int MapAttrs_cameraTargetLng
    public static final int MapAttrs_cameraTilt
    public static final int MapAttrs_cameraZoom
    public static final int MapAttrs_mapType
    public static final int MapAttrs_uiCompass
    public static final int MapAttrs_uiRotateGestures
vn.com.shoppie.R$xml
vn.com.shoppie.activity.ActivityChangeUserInfo$5:
    234:236:public void processIfResponseFail()
vn.com.shoppie.activity.ActivityFavouriteProductShow:
    294:299:private void onPostLikeToServer(int,int)
    304:322:private void unlikeProduct(java.lang.String,java.lang.String)
    327:356:private void likeProduct(java.lang.String,java.lang.String)
    392:419:private boolean ensureOpenSession()
    506:506:public int getViewWidth()
    516:525:private void updateLiked(int)
    529:531:private void showToast(java.lang.String)
    50:50:static synthetic vn.com.shoppie.database.ShoppieDBProvider access$6(vn.com.shoppie.activity.ActivityFavouriteProductShow)
    527:527:static synthetic void access$7(vn.com.shoppie.activity.ActivityFavouriteProductShow,java.lang.String)
    49:49:static synthetic vn.com.shoppie.database.sobject.MerchProductItem access$8(vn.com.shoppie.activity.ActivityFavouriteProductShow)
vn.com.shoppie.activity.ActivityFavouriteProductShow$10
vn.com.shoppie.activity.ActivityFavouriteProductShow$10$1
vn.com.shoppie.activity.ActivityFavouriteProductShow$8
vn.com.shoppie.activity.ActivityFavouriteProductShow$9
vn.com.shoppie.activity.ActivityGiftTransaction$4:
    262:264:public void processIfResponseFail()
...
com.google.android.gms.plus.PlusOneButton:
    public static final int SIZE_SMALL
    public static final int SIZE_MEDIUM
    public static final int SIZE_TALL
    public static final int SIZE_STANDARD
    public static final int ANNOTATION_NONE
    public static final int ANNOTATION_BUBBLE
    public static final int ANNOTATION_INLINE
    public PlusOneButton(android.content.Context)
    public void initialize(com.google.android.gms.plus.PlusClient,java.lang.String,int)
    public void initialize(com.google.android.gms.plus.PlusClient,java.lang.String,com.google.android.gms.plus.PlusOneButton$OnPlusOneClickListener)
    public void setAnnotation(int)
    public void setSize(int)
com.google.android.gms.plus.PlusShare
com.google.android.gms.plus.PlusShare$Builder
com.google.android.gms.plus.model.moments.ItemScope:
    public abstract com.google.android.gms.plus.model.moments.ItemScope getAbout()
    public abstract boolean hasAbout()
    public abstract java.util.List getAdditionalName()
    public abstract boolean hasAdditionalName()
    public abstract com.google.android.gms.plus.model.moments.ItemScope getAddress()
    public abstract boolean hasAddress()
    public abstract java.lang.String getAddressCountry()
    public abstract boolean hasAddressCountry()
    public abstract java.lang.String getAddressLocality()
    public abstract boolean hasAddressLocality()
    public abstract java.lang.String getAddressRegion()
    public abstract boolean hasAddressRegion()
    public abstract java.util.List getAssociated_media()
    public abstract boolean hasAssociated_media()
    public abstract int getAttendeeCount()
    public abstract boolean hasAttendeeCount()
    public abstract java.util.List getAttendees()
    public abstract boolean hasAttendees()
    public abstract com.google.android.gms.plus.model.moments.ItemScope getAudio()
    public abstract boolean hasAudio()
    public abstract java.util.List getAuthor()
    public abstract boolean hasAuthor()
    public abstract java.lang.String getBestRating()
    public abstract boolean hasBestRating()
    public abstract java.lang.String getBirthDate()
    public abstract boolean hasBirthDate()
com.google.android.gms.plus.model.moments.ItemScope$Builder
com.google.android.gms.plus.model.moments.Moment:
    public abstract java.lang.String getId()
    public abstract boolean hasId()
    public abstract com.google.android.gms.plus.model.moments.ItemScope getResult()
    public abstract boolean hasResult()
    public abstract java.lang.String getStartDate()
    public abstract boolean hasStartDate()
    public abstract com.google.android.gms.plus.model.moments.ItemScope getTarget()
    public abstract boolean hasTarget()
    public abstract java.lang.String getType()
    public abstract boolean hasType()
com.google.android.gms.plus.model.moments.Moment$Builder
com.google.android.gms.plus.model.moments.MomentBuffer